frontend/ecommerce/build/app/intermediates/manifest_merge_blame_file/debug/manifest-merger-blame-debug-report.txt
1<?xml version="1.0" encoding="utf-8"?>
2<manifest xmlns:android="http://schemas.android.com/apk/res/android"
3    package="com.example.ecommerce"
4    android:versionCode="1"
5    android:versionName="1.0.0" >
6
7    <uses-sdk
8        android:minSdkVersion="21"
9        android:targetSdkVersion="34" />
10    <!--
11         The INTERNET permission is required for development. Specifically,
12         the Flutter tool needs it to communicate with the running application
13         to allow setting breakpoints, to provide hot reload, etc.
14    -->
15    <uses-permission android:name="android.permission.INTERNET" />
15-->src\debug\AndroidManifest.xml:6:5-66
15-->src\debug\AndroidManifest.xml:6:22-64
16    <!--
17     Required to query activities that can process text, see:
18         https://developer.android.com/training/package-visibility and
19         https://developer.android.com/reference/android/content/Intent#ACTION_PROCESS_TEXT.
20
21         In particular, this is used by the Flutter engine in io.flutter.plugin.text.ProcessTextPlugin.
22    -->
23    <queries>
23-->src\main\AndroidManifest.xml:46:5-51:15
24        <intent>
24-->src\main\AndroidManifest.xml:47:9-50:18
25            <action android:name="android.intent.action.PROCESS_TEXT" />
25-->src\main\AndroidManifest.xml:48:13-72
25-->src\main\AndroidManifest.xml:48:21-70
26
27            <data android:mimeType="text/plain" />
27-->src\main\AndroidManifest.xml:49:13-50
27-->src\main\AndroidManifest.xml:49:19-48
28        </intent>
29        <intent>
29-->[com.razorpay:checkout:1.6.39] AndroidManifest.xml:11:9-17:18
30            <action android:name="android.intent.action.VIEW" />
30-->[com.razorpay:checkout:1.6.39] AndroidManifest.xml:12:13-65
30-->[com.razorpay:checkout:1.6.39] AndroidManifest.xml:12:21-62
31
32            <data
32-->src\main\AndroidManifest.xml:49:13-50
33                android:mimeType="*/*"
33-->src\main\AndroidManifest.xml:49:19-48
34                android:scheme="*" />
35        </intent>
36        <intent>
36-->[com.razorpay:checkout:1.6.39] AndroidManifest.xml:18:9-27:18
37            <action android:name="android.intent.action.VIEW" />
37-->[com.razorpay:checkout:1.6.39] AndroidManifest.xml:12:13-65
37-->[com.razorpay:checkout:1.6.39] AndroidManifest.xml:12:21-62
38
39            <category android:name="android.intent.category.BROWSABLE" />
39-->[com.razorpay:checkout:1.6.39] AndroidManifest.xml:21:13-74
39-->[com.razorpay:checkout:1.6.39] AndroidManifest.xml:21:23-71
40
41            <data
41-->src\main\AndroidManifest.xml:49:13-50
42                android:host="pay"
43                android:mimeType="*/*"
43-->src\main\AndroidManifest.xml:49:19-48
44                android:scheme="upi" />
45        </intent>
46        <intent>
46-->[com.razorpay:checkout:1.6.39] AndroidManifest.xml:28:9-30:18
47            <action android:name="android.intent.action.MAIN" />
47-->[com.razorpay:checkout:1.6.39] AndroidManifest.xml:29:13-65
47-->[com.razorpay:checkout:1.6.39] AndroidManifest.xml:29:21-62
48        </intent>
49        <intent>
49-->[com.razorpay:checkout:1.6.39] AndroidManifest.xml:31:9-35:18
50            <action android:name="android.intent.action.SEND" />
50-->[com.razorpay:checkout:1.6.39] AndroidManifest.xml:32:13-65
50-->[com.razorpay:checkout:1.6.39] AndroidManifest.xml:32:21-62
51
52            <data android:mimeType="*/*" />
52-->src\main\AndroidManifest.xml:49:13-50
52-->src\main\AndroidManifest.xml:49:19-48
53        </intent>
54        <intent>
54-->[com.razorpay:checkout:1.6.39] AndroidManifest.xml:36:9-38:18
55            <action android:name="rzp.device_token.share" />
55-->[com.razorpay:checkout:1.6.39] AndroidManifest.xml:37:13-61
55-->[com.razorpay:checkout:1.6.39] AndroidManifest.xml:37:21-58
56        </intent>
57    </queries> <!-- Include required permissions for Google Maps API to run. -->
58    <uses-permission android:name="android.permission.ACCESS_NETWORK_STATE" />
58-->[com.google.android.gms:play-services-maps:17.0.0] AndroidManifest.xml:23:5-79
58-->[com.google.android.gms:play-services-maps:17.0.0] AndroidManifest.xml:23:22-76
59
60    <uses-feature
60-->[com.google.android.gms:play-services-maps:17.0.0] AndroidManifest.xml:26:5-28:35
61        android:glEsVersion="0x00020000"
61-->[com.google.android.gms:play-services-maps:17.0.0] AndroidManifest.xml:27:9-41
62        android:required="true" />
62-->[com.google.android.gms:play-services-maps:17.0.0] AndroidManifest.xml:28:9-32
63
64    <application
65        android:name="android.app.Application"
66        android:appComponentFactory="androidx.core.app.CoreComponentFactory"
66-->[androidx.core:core:1.8.0] AndroidManifest.xml:24:18-86
67        android:debuggable="true"
68        android:enableOnBackInvokedCallback="true"
69        android:icon="@mipmap/ic_launcher"
70        android:label="ecommerce" >
71        <activity
72            android:name="com.example.ecommerce.MainActivity"
73            android:configChanges="orientation|keyboardHidden|keyboard|screenSize|smallestScreenSize|locale|layoutDirection|fontScale|screenLayout|density|uiMode"
74            android:exported="true"
75            android:hardwareAccelerated="true"
76            android:launchMode="singleTop"
77            android:taskAffinity=""
78            android:theme="@style/LaunchTheme"
79            android:windowSoftInputMode="adjustResize" >
80
81            <!--
82                 Specifies an Android theme to apply to this Activity as soon as
83                 the Android process has started. This theme is visible to the user
84                 while the Flutter UI initializes. After that, this theme continues
85                 to determine the Window background behind the Flutter UI.
86            -->
87            <meta-data
88                android:name="io.flutter.embedding.android.NormalTheme"
89                android:resource="@style/NormalTheme" />
90
91            <intent-filter>
92                <action android:name="android.intent.action.MAIN" />
92-->[com.razorpay:checkout:1.6.39] AndroidManifest.xml:29:13-65
92-->[com.razorpay:checkout:1.6.39] AndroidManifest.xml:29:21-62
93
94                <category android:name="android.intent.category.LAUNCHER" />
95            </intent-filter>
96        </activity>
97
98        <!--
99             Don't delete the meta-data below.
100             This is used by the Flutter tool to generate GeneratedPluginRegistrant.java
101        -->
102        <meta-data
103            android:name="flutterEmbedding"
104            android:value="2" />
105
106        <uses-library
106-->[androidx.window:window:1.0.0-beta04] AndroidManifest.xml:25:9-27:40
107            android:name="androidx.window.extensions"
107-->[androidx.window:window:1.0.0-beta04] AndroidManifest.xml:26:13-54
108            android:required="false" />
108-->[androidx.window:window:1.0.0-beta04] AndroidManifest.xml:27:13-37
109        <uses-library
109-->[androidx.window:window:1.0.0-beta04] AndroidManifest.xml:28:9-30:40
110            android:name="androidx.window.sidecar"
110-->[androidx.window:window:1.0.0-beta04] AndroidManifest.xml:29:13-51
111            android:required="false" />
111-->[androidx.window:window:1.0.0-beta04] AndroidManifest.xml:30:13-37
112
113        <receiver
113-->[com.razorpay:checkout:1.6.39] AndroidManifest.xml:42:9-49:20
114            android:name="com.razorpay.RzpTokenReceiver"
114-->[com.razorpay:checkout:1.6.39] AndroidManifest.xml:43:13-57
115            android:exported="true" >
115-->[com.razorpay:checkout:1.6.39] AndroidManifest.xml:44:13-36
116            <intent-filter>
116-->[com.razorpay:checkout:1.6.39] AndroidManifest.xml:46:13-48:29
117                <action android:name="rzp.device_token.share" />
117-->[com.razorpay:checkout:1.6.39] AndroidManifest.xml:37:13-61
117-->[com.razorpay:checkout:1.6.39] AndroidManifest.xml:37:21-58
118            </intent-filter>
119        </receiver>
120
121        <activity
121-->[com.razorpay:checkout:1.6.39] AndroidManifest.xml:51:9-59:20
122            android:name="com.razorpay.CheckoutActivity"
122-->[com.razorpay:checkout:1.6.39] AndroidManifest.xml:52:13-57
123            android:configChanges="keyboard|keyboardHidden|orientation|screenSize"
123-->[com.razorpay:checkout:1.6.39] AndroidManifest.xml:53:13-83
124            android:exported="false"
124-->[com.razorpay:checkout:1.6.39] AndroidManifest.xml:54:13-37
125            android:theme="@style/CheckoutTheme" >
125-->[com.razorpay:checkout:1.6.39] AndroidManifest.xml:55:13-49
126            <intent-filter>
126-->[com.razorpay:checkout:1.6.39] AndroidManifest.xml:56:13-58:29
127                <action android:name="android.intent.action.MAIN" />
127-->[com.razorpay:checkout:1.6.39] AndroidManifest.xml:29:13-65
127-->[com.razorpay:checkout:1.6.39] AndroidManifest.xml:29:21-62
128            </intent-filter>
129        </activity>
130
131        <meta-data
131-->[com.razorpay:checkout:1.6.39] AndroidManifest.xml:61:9-63:58
132            android:name="com.razorpay.plugin.googlepay_all"
132-->[com.razorpay:checkout:1.6.39] AndroidManifest.xml:62:13-61
133            android:value="com.razorpay.RzpGpayMerged" />
133-->[com.razorpay:checkout:1.6.39] AndroidManifest.xml:63:13-55
134
135        <activity
135-->[com.google.android.gms:play-services-auth:21.1.0] AndroidManifest.xml:23:9-27:75
136            android:name="com.google.android.gms.auth.api.signin.internal.SignInHubActivity"
136-->[com.google.android.gms:play-services-auth:21.1.0] AndroidManifest.xml:24:13-93
137            android:excludeFromRecents="true"
137-->[com.google.android.gms:play-services-auth:21.1.0] AndroidManifest.xml:25:13-46
138            android:exported="false"
138-->[com.google.android.gms:play-services-auth:21.1.0] AndroidManifest.xml:26:13-37
139            android:theme="@android:style/Theme.Translucent.NoTitleBar" />
139-->[com.google.android.gms:play-services-auth:21.1.0] AndroidManifest.xml:27:13-72
140        <!--
141            Service handling Google Sign-In user revocation. For apps that do not integrate with
142            Google Sign-In, this service will never be started.
143        -->
144        <service
144-->[com.google.android.gms:play-services-auth:21.1.0] AndroidManifest.xml:33:9-37:51
145            android:name="com.google.android.gms.auth.api.signin.RevocationBoundService"
145-->[com.google.android.gms:play-services-auth:21.1.0] AndroidManifest.xml:34:13-89
146            android:exported="true"
146-->[com.google.android.gms:play-services-auth:21.1.0] AndroidManifest.xml:35:13-36
147            android:permission="com.google.android.gms.auth.api.signin.permission.REVOCATION_NOTIFICATION"
147-->[com.google.android.gms:play-services-auth:21.1.0] AndroidManifest.xml:36:13-107
148            android:visibleToInstantApps="true" /> <!-- Needs to be explicitly declared on P+ -->
148-->[com.google.android.gms:play-services-auth:21.1.0] AndroidManifest.xml:37:13-48
149        <uses-library
149-->[com.google.android.gms:play-services-maps:17.0.0] AndroidManifest.xml:33:9-35:40
150            android:name="org.apache.http.legacy"
150-->[com.google.android.gms:play-services-maps:17.0.0] AndroidManifest.xml:34:13-50
151            android:required="false" />
151-->[com.google.android.gms:play-services-maps:17.0.0] AndroidManifest.xml:35:13-37
152
153        <activity
153-->[com.google.android.gms:play-services-base:18.3.0] AndroidManifest.xml:20:9-22:45
154            android:name="com.google.android.gms.common.api.GoogleApiActivity"
154-->[com.google.android.gms:play-services-base:18.3.0] AndroidManifest.xml:20:19-85
155            android:exported="false"
155-->[com.google.android.gms:play-services-base:18.3.0] AndroidManifest.xml:22:19-43
156            android:theme="@android:style/Theme.Translucent.NoTitleBar" />
156-->[com.google.android.gms:play-services-base:18.3.0] AndroidManifest.xml:21:19-78
157
158        <meta-data
158-->[com.google.android.gms:play-services-basement:18.3.0] AndroidManifest.xml:21:9-23:69
159            android:name="com.google.android.gms.version"
159-->[com.google.android.gms:play-services-basement:18.3.0] AndroidManifest.xml:22:13-58
160            android:value="@integer/google_play_services_version" />
160-->[com.google.android.gms:play-services-basement:18.3.0] AndroidManifest.xml:23:13-66
161    </application>
162
163</manifest>